{"level":"info","message":"Doctor registered: san@gmail.com","timestamp":"2025-08-07T07:10:11.821Z"}
{"level":"info","message":"Doctor logged in: san@gmail.com","timestamp":"2025-08-07T07:12:51.022Z"}
{"level":"info","message":"Device registered: pharmacy-device-001","timestamp":"2025-08-07T07:24:33.224Z"}
{"level":"info","message":"Doctor logged in: san@gmail.com","timestamp":"2025-08-07T07:24:47.969Z"}
{"error":"isEmailUnique is not a function","level":"error","message":"Doctor registration error","timestamp":"2025-08-07T08:16:12.823Z"}
{"level":"info","message":"Doctor registered: sann@gmail.com","timestamp":"2025-08-07T08:18:57.563Z"}
{"level":"info","message":"Doctor registered: doctor1@gmail.com","timestamp":"2025-08-07T08:47:42.453Z"}
{"level":"info","message":"Doctor registered: doctor1@gmail.com","timestamp":"2025-08-07T09:00:08.033Z"}
{"level":"info","message":"Doctor availability toggled: doctor1@gmail.com, isOnline: false","timestamp":"2025-08-07T09:16:31.093Z"}
{"level":"info","message":"Doctor availability toggled: doctor1@gmail.com, isOnline: false","timestamp":"2025-08-07T09:18:50.309Z"}
{"level":"info","message":"Doctor registered: doctor2@gmail.com","timestamp":"2025-08-07T09:20:29.688Z"}
{"level":"info","message":"Doctor availability toggled: doctor1@gmail.com, isOnline: true","timestamp":"2025-08-07T09:20:41.673Z"}
{"level":"info","message":"Doctor availability toggled: doctor1@gmail.com, isOnline: false","timestamp":"2025-08-07T09:20:45.491Z"}
{"level":"info","message":"Device registered: 1","timestamp":"2025-08-07T09:21:17.594Z"}
{"level":"info","message":"Doctor availability toggled: san@gmail.com, isOnline: true","timestamp":"2025-08-07T09:22:14.192Z"}
{"level":"info","message":"Session initiated: sessionId=68947092093b3ab9e4da434c, deviceId=1, doctorId=68946b17fcafba1249c76b26","timestamp":"2025-08-07T09:23:30.587Z"}
{"level":"info","message":"Session cancelled: sessionId=68947092093b3ab9e4da434c","timestamp":"2025-08-07T09:23:48.236Z"}
{"level":"info","message":"Session initiated: sessionId=689470ae093b3ab9e4da4358, deviceId=1, doctorId=68946b17fcafba1249c76b26","timestamp":"2025-08-07T09:23:58.986Z"}
{"level":"info","message":"Session completed: sessionId=689470ae093b3ab9e4da4358","timestamp":"2025-08-07T09:24:04.868Z"}
{"level":"info","message":"Doctor availability toggled: doctor1@gmail.com, isOnline: false","timestamp":"2025-08-07T09:35:03.322Z"}
{"level":"info","message":"Doctor availability toggled: doctor1@gmail.com, isOnline: true","timestamp":"2025-08-07T09:35:10.662Z"}
{"level":"info","message":"Session initiated: sessionId=68947367093b3ab9e4da43b8, deviceId=1, doctorId=68946b17fcafba1249c76b26","timestamp":"2025-08-07T09:35:35.853Z"}
{"level":"info","message":"Session initiated: sessionId=68947374093b3ab9e4da43c0, deviceId=1, doctorId=68946b17fcafba1249c76b26","timestamp":"2025-08-07T09:35:48.944Z"}
{"level":"info","message":"Doctor availability toggled: doctor1@gmail.com, isOnline: false","timestamp":"2025-08-07T09:35:53.211Z"}
{"level":"info","message":"Session cancelled: sessionId=68947374093b3ab9e4da43c0","timestamp":"2025-08-07T09:35:57.439Z"}
{"level":"info","message":"Session cancelled: sessionId=68947367093b3ab9e4da43b8","timestamp":"2025-08-07T09:36:04.339Z"}
{"level":"info","message":"Device registered: 2","timestamp":"2025-08-07T09:36:39.699Z"}
{"level":"info","message":"Doctor availability toggled: doctor1@gmail.com, isOnline: true","timestamp":"2025-08-07T09:37:04.015Z"}
{"level":"info","message":"Session initiated: sessionId=689473c2093b3ab9e4da43f1, deviceId=1, doctorId=68946b17fcafba1249c76b26","timestamp":"2025-08-07T09:37:06.685Z"}
{"level":"info","message":"Device updated: 1","timestamp":"2025-08-07T10:15:22.750Z"}
{"level":"info","message":"Session completed: sessionId=689473c2093b3ab9e4da43f1","timestamp":"2025-08-07T10:15:34.387Z"}
{"level":"info","message":"Device registered: 3","timestamp":"2025-08-07T10:15:53.931Z"}
{"level":"info","message":"Device registered: 4","timestamp":"2025-08-07T10:19:32.806Z"}
{"level":"info","message":"Session initiated: sessionId=68947f21517cf47d28cbe919, deviceId=4, doctorId=68946b17fcafba1249c76b26","timestamp":"2025-08-07T10:25:37.740Z"}
{"level":"info","message":"Session completed: sessionId=68947f21517cf47d28cbe919","timestamp":"2025-08-07T10:27:51.137Z"}
{"level":"info","message":"Doctor availability toggled: doctor1@gmail.com, isOnline: false","timestamp":"2025-08-07T10:43:18.021Z"}
{"level":"info","message":"Doctor availability toggled: doctor1@gmail.com, isOnline: true","timestamp":"2025-08-07T10:43:24.117Z"}
{"level":"info","message":"Session initiated: sessionId=689483590b5ba11ef7e47f0a, deviceId=1, doctorId=68946b17fcafba1249c76b26","timestamp":"2025-08-07T10:43:37.508Z"}
{"level":"info","message":"Session completed: sessionId=689483590b5ba11ef7e47f0a","timestamp":"2025-08-07T10:43:55.706Z"}
{"level":"info","message":"Session initiated: sessionId=68948508f706299aa4d6fbea, deviceId=1, doctorId=68946b17fcafba1249c76b26","timestamp":"2025-08-07T10:50:48.848Z"}
{"level":"info","message":"Session completed: sessionId=68948508f706299aa4d6fbea","timestamp":"2025-08-07T10:51:00.156Z"}
{"level":"info","message":"Session initiated: sessionId=689486a616cac37e67c99fe1, deviceId=1, doctorId=68946b17fcafba1249c76b26","timestamp":"2025-08-07T10:57:43.142Z"}
{"level":"info","message":"Session cancelled: sessionId=689486a616cac37e67c99fe1","timestamp":"2025-08-07T10:58:01.144Z"}
{"level":"info","message":"Session initiation request: deviceId=1, doctorId=68946b17fcafba1249c76b26, patientName=dfghj","timestamp":"2025-08-07T11:05:46.515Z"}
{"level":"info","message":"Device found: deviceId=1, status=active","timestamp":"2025-08-07T11:05:46.795Z"}
{"level":"info","message":"Doctor found by ID: doctorId=68946b17fcafba1249c76b26, name=doctor 1, status=available, isOnline=true","timestamp":"2025-08-07T11:05:47.341Z"}
{"level":"info","message":"Setting device status to busy: deviceId=1","timestamp":"2025-08-07T11:05:47.605Z"}
{"level":"info","message":"Setting doctor status to busy: doctorId=68946b17fcafba1249c76b26, previous status=available","timestamp":"2025-08-07T11:05:47.928Z"}
{"level":"info","message":"Doctor status after update: doctorId=68946b17fcafba1249c76b26, status=busy, isOnline=true","timestamp":"2025-08-07T11:05:48.466Z"}
{"level":"info","message":"Session created: sessionId=6894888c0a39d86cb4dc4cb3","timestamp":"2025-08-07T11:05:48.751Z"}
{"level":"info","message":"Emitting sessionUpdate event: type=initiated, sessionId=6894888c0a39d86cb4dc4cb3","timestamp":"2025-08-07T11:05:48.751Z"}
{"level":"info","message":"Emitting doctorStatus event: doctorId=68946b17fcafba1249c76b26, status=busy, isOnline=true","timestamp":"2025-08-07T11:05:48.753Z"}
{"level":"info","message":"Session initiated successfully: sessionId=6894888c0a39d86cb4dc4cb3, deviceId=1, doctorId=68946b17fcafba1249c76b26","timestamp":"2025-08-07T11:05:48.753Z"}
{"level":"info","message":"Session cancellation request: sessionId=6894888c0a39d86cb4dc4cb3","timestamp":"2025-08-07T11:08:21.219Z"}
{"level":"info","message":"Session found: sessionId=6894888c0a39d86cb4dc4cb3, status=active, doctorId=68946b17fcafba1249c76b26, deviceId=6894700d093b3ab9e4da430f","timestamp":"2025-08-07T11:08:21.721Z"}
{"level":"info","message":"Session status updated to cancelled: sessionId=6894888c0a39d86cb4dc4cb3","timestamp":"2025-08-07T11:08:21.981Z"}
{"level":"info","message":"Updating doctor status: doctorId=68946b17fcafba1249c76b26, current status=busy, setting to=available","timestamp":"2025-08-07T11:08:22.235Z"}
{"level":"info","message":"Doctor status after update: doctorId=68946b17fcafba1249c76b26, status=available, isOnline=true","timestamp":"2025-08-07T11:08:22.735Z"}
{"level":"info","message":"Updating device status: deviceId=1, current status=busy, setting to=active","timestamp":"2025-08-07T11:08:22.980Z"}
{"level":"info","message":"Emitting doctorStatus event: doctorId=68946b17fcafba1249c76b26, status=available","timestamp":"2025-08-07T11:08:23.239Z"}
{"level":"info","message":"Emitting sessionUpdate event: type=cancelled, sessionId=6894888c0a39d86cb4dc4cb3","timestamp":"2025-08-07T11:08:23.241Z"}
{"level":"info","message":"Session cancelled successfully: sessionId=6894888c0a39d86cb4dc4cb3","timestamp":"2025-08-07T11:08:23.243Z"}
{"level":"info","message":"Session initiation request: deviceId=1, doctorId=68946b17fcafba1249c76b26, patientName=gubj","timestamp":"2025-08-07T11:08:50.993Z"}
{"level":"info","message":"Device found: deviceId=1, status=active","timestamp":"2025-08-07T11:08:51.272Z"}
{"level":"info","message":"Doctor found by ID: doctorId=68946b17fcafba1249c76b26, name=doctor 1, status=available, isOnline=true","timestamp":"2025-08-07T11:08:51.780Z"}
{"level":"info","message":"Setting device status to busy: deviceId=1","timestamp":"2025-08-07T11:08:52.029Z"}
{"level":"info","message":"Setting doctor status to busy: doctorId=68946b17fcafba1249c76b26, previous status=available, isOnline=true","timestamp":"2025-08-07T11:08:52.029Z"}
{"level":"info","message":"Doctor status after update: doctorId=68946b17fcafba1249c76b26, status=busy, isOnline=true","timestamp":"2025-08-07T11:08:52.687Z"}
{"level":"info","message":"Session created: sessionId=6894894409da74cb44ae7c89","timestamp":"2025-08-07T11:08:52.951Z"}
{"level":"info","message":"Emitting sessionUpdate event: type=initiated, sessionId=6894894409da74cb44ae7c89","timestamp":"2025-08-07T11:08:52.951Z"}
{"level":"info","message":"Emitting doctorStatus event: doctorId=68946b17fcafba1249c76b26, status=busy, isOnline=true","timestamp":"2025-08-07T11:08:52.952Z"}
{"level":"info","message":"Session initiated successfully: sessionId=6894894409da74cb44ae7c89, deviceId=1, doctorId=68946b17fcafba1249c76b26","timestamp":"2025-08-07T11:08:52.953Z"}
{"level":"info","message":"Emitting delayed doctorStatus event: doctorId=68946b17fcafba1249c76b26, status=busy","timestamp":"2025-08-07T11:08:53.454Z"}
{"level":"info","message":"Session completion request: sessionId=6894894409da74cb44ae7c89","timestamp":"2025-08-07T11:09:16.510Z"}
{"level":"info","message":"Session found: sessionId=6894894409da74cb44ae7c89, status=active, doctorId=68946b17fcafba1249c76b26, deviceId=6894700d093b3ab9e4da430f","timestamp":"2025-08-07T11:09:17.166Z"}
{"level":"info","message":"Session status updated to completed: sessionId=6894894409da74cb44ae7c89","timestamp":"2025-08-07T11:09:17.488Z"}
{"level":"info","message":"Updating doctor status: doctorId=68946b17fcafba1249c76b26, current status=busy, setting to=available","timestamp":"2025-08-07T11:09:17.764Z"}
{"level":"info","message":"Doctor status after update: doctorId=68946b17fcafba1249c76b26, status=available, isOnline=true","timestamp":"2025-08-07T11:09:18.325Z"}
{"level":"info","message":"Updating device status: deviceId=1, current status=busy, setting to=active","timestamp":"2025-08-07T11:09:18.614Z"}
{"level":"info","message":"Emitting sessionUpdate event: type=completed, sessionId=6894894409da74cb44ae7c89","timestamp":"2025-08-07T11:09:18.892Z"}
{"level":"info","message":"Emitting doctorStatus event: doctorId=68946b17fcafba1249c76b26, status=available","timestamp":"2025-08-07T11:09:18.893Z"}
{"level":"info","message":"Session completed successfully: sessionId=6894894409da74cb44ae7c89","timestamp":"2025-08-07T11:09:18.893Z"}
